<?xml version="1.0" encoding="UTF-8" ?>
<testsuite tests="7" failures="0" name="cursoDAgil.service.cliente.ClienteServiceImplTest" time="0.064" errors="0" skipped="0">
  <properties>
[...]
</properties>
  <testcase classname="cursoDAgil.service.cliente.ClienteServiceImplTest" name="eliminarcliente" time="0.004"/>
  <testcase classname="cursoDAgil.service.cliente.ClienteServiceImplTest" name="pruebaConsultarTodoSoloCliente" time="0.003"/>
  <testcase classname="cursoDAgil.service.cliente.ClienteServiceImplTest" name="actualizarCliente" time="0.001"/>
  <testcase classname="cursoDAgil.service.cliente.ClienteServiceImplTest" name="pruebaConsultarTodo" time="0.003"/>
  <testcase classname="cursoDAgil.service.cliente.ClienteServiceImplTest" name="consultarClientePorId" time="0.002"/>
  <testcase classname="cursoDAgil.service.cliente.ClienteServiceImplTest" name="consultarSoloClientePorId" time="0.002"/>
  <testcase classname="cursoDAgil.service.cliente.ClienteServiceImplTest" name="nuevoRegistro" time="0.049"/>
</testsuite>